<?xml version="1.0" encoding="UTF-8"?>
<testng-results ignored="3" total="6" passed="3" failed="0" skipped="0">
  <reporter-output>
  </reporter-output>
  <suite started-at="2024-01-27T17:12:33 IST" name="Gradle suite" finished-at="2024-01-27T17:13:18 IST" duration-ms="44283">
    <groups>
    </groups>
    <test started-at="2024-01-27T17:12:33 IST" name="Gradle test" finished-at="2024-01-27T17:13:18 IST" duration-ms="44283">
      <class name="qtriptest.tests.TestCase_01">
        <test-method is-config="true" signature="createDriver()[pri:0, instance:qtriptest.tests.TestCase_01@957e06]" started-at="2024-01-27T17:12:31 IST" name="createDriver" finished-at="2024-01-27T17:12:33 IST" duration-ms="2170" status="PASS">
          <reporter-output>
          </reporter-output>
        </test-method> <!-- createDriver -->
        <test-method signature="TestCase01(java.lang.String,java.lang.String)[pri:0, instance:qtriptest.tests.TestCase_01@957e06]" started-at="2024-01-27T17:12:35 IST" name="TestCase01" data-provider="userOnboardDataFlow" finished-at="2024-01-27T17:12:50 IST" duration-ms="15177" status="PASS">
          <params>
            <param index="0">
              <value>
                <![CDATA[testuser@gmail.com]]>
              </value>
            </param>
            <param index="1">
              <value>
                <![CDATA[abc@123]]>
              </value>
            </param>
          </params>
          <reporter-output>
          </reporter-output>
        </test-method> <!-- TestCase01 -->
        <test-method signature="TestCase01(java.lang.String,java.lang.String)[pri:0, instance:qtriptest.tests.TestCase_01@957e06]" started-at="2024-01-27T17:12:50 IST" name="TestCase01" data-provider="userOnboardDataFlow" finished-at="2024-01-27T17:13:04 IST" duration-ms="13536" status="PASS">
          <params>
            <param index="0">
              <value>
                <![CDATA[TESTUSER@gmail.com]]>
              </value>
            </param>
            <param index="1">
              <value>
                <![CDATA[123456.0]]>
              </value>
            </param>
          </params>
          <reporter-output>
          </reporter-output>
        </test-method> <!-- TestCase01 -->
        <test-method signature="TestCase01(java.lang.String,java.lang.String)[pri:0, instance:qtriptest.tests.TestCase_01@957e06]" started-at="2024-01-27T17:13:04 IST" name="TestCase01" data-provider="userOnboardDataFlow" finished-at="2024-01-27T17:13:18 IST" duration-ms="13968" status="PASS">
          <params>
            <param index="0">
              <value>
                <![CDATA[123_USER_low@gmail.com]]>
              </value>
            </param>
            <param index="1">
              <value>
                <![CDATA[QWERTY!!!!]]>
              </value>
            </param>
          </params>
          <reporter-output>
          </reporter-output>
        </test-method> <!-- TestCase01 -->
        <test-method is-config="true" signature="quitDriver()[pri:0, instance:qtriptest.tests.TestCase_01@957e06]" started-at="2024-01-27T17:13:18 IST" name="quitDriver" finished-at="2024-01-27T17:13:18 IST" duration-ms="120" status="PASS">
          <reporter-output>
          </reporter-output>
        </test-method> <!-- quitDriver -->
      </class> <!-- qtriptest.tests.TestCase_01 -->
    </test> <!-- Gradle test -->
  </suite> <!-- Gradle suite -->
</testng-results>
